# JRE version: Java(TM) SE Runtime Environment (8.0_271-b09) (build 1.8.0_271-b09)
# Java VM: Java HotSpot(TM) 64-Bit Server VM (25.271-b09 mixed mode windows-amd64 compressed oops)
Heap:
 PSYoungGen      total 930304K, used 836779K [0x0000000780f00000, 0x00000007ba700000, 0x00000007c0000000)
  eden space 918528K, 91% used [0x0000000780f00000,0x00000007b400ade8,0x00000007b9000000)
  from space 11776K, 1% used [0x00000007b9000000,0x00000007b9020000,0x00000007b9b80000)
  to   space 9216K, 0% used [0x00000007b9e00000,0x00000007b9e00000,0x00000007ba700000)
 ParOldGen       total 96256K, used 37068K [0x0000000702c00000, 0x0000000708a00000, 0x0000000780f00000)
  object space 96256K, 38% used [0x0000000702c00000,0x00000007050333d0,0x0000000708a00000)
 Metaspace       used 79543K, capacity 88590K, committed 88704K, reserved 1126400K
  class space    used 11234K, capacity 12094K, committed 12160K, reserved 1048576K
GC Heap History (10 events):
Event: 46.098 GC heap before
{Heap before GC invocations=28 (full 3):
 PSYoungGen      total 817664K, used 803936K [0x0000000780f00000, 0x00000007bb300000, 0x00000007c0000000)
  eden space 803840K, 100% used [0x0000000780f00000,0x00000007b2000000,0x00000007b2000000)
  from space 13824K, 0% used [0x00000007ba580000,0x00000007ba598000,0x00000007bb300000)
  to   space 15360K, 0% used [0x00000007b2000000,0x00000007b2000000,0x00000007b2f00000)
 ParOldGen       total 96256K, used 37068K [0x0000000702c00000, 0x0000000708a00000, 0x0000000780f00000)
  object space 96256K, 38% used [0x0000000702c00000,0x00000007050333d0,0x0000000708a00000)
 Metaspace       used 79504K, capacity 88420K, committed 88704K, reserved 1126400K
  class space    used 11230K, capacity 12087K, committed 12160K, reserved 1048576K
Event: 46.108 GC heap after
Heap after GC invocations=28 (full 3):
 PSYoungGen      total 819200K, used 128K [0x0000000780f00000, 0x00000007baa00000, 0x00000007c0000000)
  eden space 803840K, 0% used [0x0000000780f00000,0x0000000780f00000,0x00000007b2000000)
  from space 15360K, 0% used [0x00000007b2000000,0x00000007b2020000,0x00000007b2f00000)
  to   space 12288K, 0% used [0x00000007b9e00000,0x00000007b9e00000,0x00000007baa00000)
 ParOldGen       total 96256K, used 37068K [0x0000000702c00000, 0x0000000708a00000, 0x0000000780f00000)
  object space 96256K, 38% used [0x0000000702c00000,0x00000007050333d0,0x0000000708a00000)
 Metaspace       used 79504K, capacity 88420K, committed 88704K, reserved 1126400K
  class space    used 11230K, capacity 12087K, committed 12160K, reserved 1048576K
}
Event: 47.279 GC heap before
{Heap before GC invocations=29 (full 3):
 PSYoungGen      total 819200K, used 803968K [0x0000000780f00000, 0x00000007baa00000, 0x00000007c0000000)
  eden space 803840K, 100% used [0x0000000780f00000,0x00000007b2000000,0x00000007b2000000)
  from space 15360K, 0% used [0x00000007b2000000,0x00000007b2020000,0x00000007b2f00000)
  to   space 12288K, 0% used [0x00000007b9e00000,0x00000007b9e00000,0x00000007baa00000)
 ParOldGen       total 96256K, used 37068K [0x0000000702c00000, 0x0000000708a00000, 0x0000000780f00000)
  object space 96256K, 38% used [0x0000000702c00000,0x00000007050333d0,0x0000000708a00000)
 Metaspace       used 79506K, capacity 88484K, committed 88704K, reserved 1126400K
  class space    used 11230K, capacity 12087K, committed 12160K, reserved 1048576K
Event: 47.293 GC heap after
Heap after GC invocations=29 (full 3):
 PSYoungGen      total 927744K, used 96K [0x0000000780f00000, 0x00000007ba700000, 0x00000007c0000000)
  eden space 918528K, 0% used [0x0000000780f00000,0x0000000780f00000,0x00000007b9000000)
  from space 9216K, 1% used [0x00000007b9e00000,0x00000007b9e18000,0x00000007ba700000)
  to   space 11776K, 0% used [0x00000007b9000000,0x00000007b9000000,0x00000007b9b80000)
 ParOldGen       total 96256K, used 37068K [0x0000000702c00000, 0x0000000708a00000, 0x0000000780f00000)
  object space 96256K, 38% used [0x0000000702c00000,0x00000007050333d0,0x0000000708a00000)
 Metaspace       used 79506K, capacity 88484K, committed 88704K, reserved 1126400K
  class space    used 11230K, capacity 12087K, committed 12160K, reserved 1048576K
}
Event: 48.426 GC heap before
{Heap before GC invocations=30 (full 3):
 PSYoungGen      total 927744K, used 918624K [0x0000000780f00000, 0x00000007ba700000, 0x00000007c0000000)
  eden space 918528K, 100% used [0x0000000780f00000,0x00000007b9000000,0x00000007b9000000)
  from space 9216K, 1% used [0x00000007b9e00000,0x00000007b9e18000,0x00000007ba700000)
  to   space 11776K, 0% used [0x00000007b9000000,0x00000007b9000000,0x00000007b9b80000)
 ParOldGen       total 96256K, used 37068K [0x0000000702c00000, 0x0000000708a00000, 0x0000000780f00000)
  object space 96256K, 38% used [0x0000000702c00000,0x00000007050333d0,0x0000000708a00000)
 Metaspace       used 79507K, capacity 88484K, committed 88704K, reserved 1126400K
  class space    used 11230K, capacity 12087K, committed 12160K, reserved 1048576K
Event: 48.429 GC heap after
Heap after GC invocations=30 (full 3):
 PSYoungGen      total 930304K, used 96K [0x0000000780f00000, 0x00000007ba700000, 0x00000007c0000000)
  eden space 918528K, 0% used [0x0000000780f00000,0x0000000780f00000,0x00000007b9000000)
  from space 11776K, 0% used [0x00000007b9000000,0x00000007b9018000,0x00000007b9b80000)
  to   space 9216K, 0% used [0x00000007b9e00000,0x00000007b9e00000,0x00000007ba700000)
 ParOldGen       total 96256K, used 37068K [0x0000000702c00000, 0x0000000708a00000, 0x0000000780f00000)
  object space 96256K, 38% used [0x0000000702c00000,0x00000007050333d0,0x0000000708a00000)
 Metaspace       used 79507K, capacity 88484K, committed 88704K, reserved 1126400K
  class space    used 11230K, capacity 12087K, committed 12160K, reserved 1048576K
}
Event: 49.197 GC heap before
{Heap before GC invocations=31 (full 3):
 PSYoungGen      total 930304K, used 918624K [0x0000000780f00000, 0x00000007ba700000, 0x00000007c0000000)
  eden space 918528K, 100% used [0x0000000780f00000,0x00000007b9000000,0x00000007b9000000)
  from space 11776K, 0% used [0x00000007b9000000,0x00000007b9018000,0x00000007b9b80000)
  to   space 9216K, 0% used [0x00000007b9e00000,0x00000007b9e00000,0x00000007ba700000)
 ParOldGen       total 96256K, used 37068K [0x0000000702c00000, 0x0000000708a00000, 0x0000000780f00000)
  object space 96256K, 38% used [0x0000000702c00000,0x00000007050333d0,0x0000000708a00000)
 Metaspace       used 79508K, capacity 88484K, committed 88704K, reserved 1126400K
  class space    used 11230K, capacity 12087K, committed 12160K, reserved 1048576K
Event: 49.199 GC heap after
Heap after GC invocations=31 (full 3):
 PSYoungGen      total 927744K, used 128K [0x0000000780f00000, 0x00000007ba700000, 0x00000007c0000000)
  eden space 918528K, 0% used [0x0000000780f00000,0x0000000780f00000,0x00000007b9000000)
  from space 9216K, 1% used [0x00000007b9e00000,0x00000007b9e20000,0x00000007ba700000)
  to   space 11776K, 0% used [0x00000007b9000000,0x00000007b9000000,0x00000007b9b80000)
 ParOldGen       total 96256K, used 37068K [0x0000000702c00000, 0x0000000708a00000, 0x0000000780f00000)
  object space 96256K, 38% used [0x0000000702c00000,0x00000007050333d0,0x0000000708a00000)
 Metaspace       used 79508K, capacity 88484K, committed 88704K, reserved 1126400K
  class space    used 11230K, capacity 12087K, committed 12160K, reserved 1048576K
}
Event: 49.871 GC heap before
{Heap before GC invocations=32 (full 3):
 PSYoungGen      total 927744K, used 918656K [0x0000000780f00000, 0x00000007ba700000, 0x00000007c0000000)
  eden space 918528K, 100% used [0x0000000780f00000,0x00000007b9000000,0x00000007b9000000)
  from space 9216K, 1% used [0x00000007b9e00000,0x00000007b9e20000,0x00000007ba700000)
  to   space 11776K, 0% used [0x00000007b9000000,0x00000007b9000000,0x00000007b9b80000)
 ParOldGen       total 96256K, used 37068K [0x0000000702c00000, 0x0000000708a00000, 0x0000000780f00000)
  object space 96256K, 38% used [0x0000000702c00000,0x00000007050333d0,0x0000000708a00000)
 Metaspace       used 79509K, capacity 88484K, committed 88704K, reserved 1126400K
  class space    used 11230K, capacity 12087K, committed 12160K, reserved 1048576K
Event: 49.873 GC heap after
Heap after GC invocations=32 (full 3):
 PSYoungGen      total 930304K, used 128K [0x0000000780f00000, 0x00000007ba700000, 0x00000007c0000000)
  eden space 918528K, 0% used [0x0000000780f00000,0x0000000780f00000,0x00000007b9000000)
  from space 11776K, 1% used [0x00000007b9000000,0x00000007b9020000,0x00000007b9b80000)
  to   space 9216K, 0% used [0x00000007b9e00000,0x00000007b9e00000,0x00000007ba700000)
 ParOldGen       total 96256K, used 37068K [0x0000000702c00000, 0x0000000708a00000, 0x0000000780f00000)
  object space 96256K, 38% used [0x0000000702c00000,0x00000007050333d0,0x0000000708a00000)
 Metaspace       used 79509K, capacity 88484K, committed 88704K, reserved 1126400K
  class space    used 11230K, capacity 12087K, committed 12160K, reserved 1048576K
}

